<?xml version="1.0" encoding="UTF-8"?>
<!-- Generated by org.testng.reporters.JUnitReportReporter -->
<testsuite skipped="0" hostname="qsp" name="demo.practice" tests="1" failures="0" timestamp="28 Oct 2017 11:11:04 GMT" time="8.583" errors="0">
  <testcase name="m1" time="8.583" classname="demo.practice"/>
</testsuite> <!-- demo.practice -->
